{"contracts/TaskContract.sol":{"l":{"19":8,"20":8,"24":7,"28":6,"29":6,"33":5,"37":4,"44":4,"48":3,"49":3,"53":3,"57":2,"61":2,"62":2,"63":2,"73":4,"77":17},"path":"/root/website/blockchain-projects/erc1155-task-contract/contracts/TaskContract.sol","s":{"1":8,"2":8,"3":7,"4":6,"5":6,"6":5,"7":4,"8":4,"9":3,"10":3,"11":3,"12":2,"13":2,"14":2,"15":2,"16":4,"17":17},"b":{"1":[7,1],"2":[5,1],"3":[4,1],"4":[3,0],"5":[2,1],"6":[2,0],"7":[17,0]},"f":{"1":3,"2":8,"3":6,"4":3,"5":4,"6":17},"fnMap":{"1":{"name":"constructor","line":16,"loc":{"start":{"line":16,"column":4},"end":{"line":16,"column":31}}},"2":{"name":"mintTokenF","line":18,"loc":{"start":{"line":18,"column":4},"end":{"line":25,"column":4}}},"3":{"name":"mintTokenN","line":27,"loc":{"start":{"line":27,"column":4},"end":{"line":45,"column":4}}},"4":{"name":"mintTokenT","line":47,"loc":{"start":{"line":47,"column":4},"end":{"line":64,"column":4}}},"5":{"name":"onERC1155Received","line":66,"loc":{"start":{"line":66,"column":4},"end":{"line":74,"column":4}}},"6":{"name":"_restrictExternalCaller","line":76,"loc":{"start":{"line":76,"column":4},"end":{"line":78,"column":4}}}},"statementMap":{"1":{"start":{"line":19,"column":8},"end":{"line":19,"column":32}},"2":{"start":{"line":20,"column":8},"end":{"line":20,"column":627}},"3":{"start":{"line":24,"column":8},"end":{"line":24,"column":45}},"4":{"start":{"line":28,"column":8},"end":{"line":28,"column":32}},"5":{"start":{"line":29,"column":8},"end":{"line":29,"column":889}},"6":{"start":{"line":33,"column":8},"end":{"line":33,"column":1033}},"7":{"start":{"line":37,"column":8},"end":{"line":37,"column":1158}},"8":{"start":{"line":44,"column":8},"end":{"line":44,"column":49}},"9":{"start":{"line":48,"column":8},"end":{"line":48,"column":32}},"10":{"start":{"line":49,"column":8},"end":{"line":49,"column":1475}},"11":{"start":{"line":53,"column":8},"end":{"line":53,"column":1619}},"12":{"start":{"line":57,"column":8},"end":{"line":57,"column":1743}},"13":{"start":{"line":61,"column":8},"end":{"line":61,"column":65}},"14":{"start":{"line":62,"column":8},"end":{"line":62,"column":45}},"15":{"start":{"line":63,"column":8},"end":{"line":63,"column":49}},"16":{"start":{"line":73,"column":8},"end":{"line":73,"column":46}},"17":{"start":{"line":77,"column":8},"end":{"line":77,"column":72}}},"branchMap":{"1":{"line":20,"type":"if","locations":[{"start":{"line":20,"column":8},"end":{"line":20,"column":8}},{"start":{"line":20,"column":8},"end":{"line":20,"column":8}}]},"2":{"line":29,"type":"if","locations":[{"start":{"line":29,"column":8},"end":{"line":29,"column":8}},{"start":{"line":29,"column":8},"end":{"line":29,"column":8}}]},"3":{"line":33,"type":"if","locations":[{"start":{"line":33,"column":8},"end":{"line":33,"column":8}},{"start":{"line":33,"column":8},"end":{"line":33,"column":8}}]},"4":{"line":49,"type":"if","locations":[{"start":{"line":49,"column":8},"end":{"line":49,"column":8}},{"start":{"line":49,"column":8},"end":{"line":49,"column":8}}]},"5":{"line":53,"type":"if","locations":[{"start":{"line":53,"column":8},"end":{"line":53,"column":8}},{"start":{"line":53,"column":8},"end":{"line":53,"column":8}}]},"6":{"line":57,"type":"if","locations":[{"start":{"line":57,"column":8},"end":{"line":57,"column":8}},{"start":{"line":57,"column":8},"end":{"line":57,"column":8}}]},"7":{"line":77,"type":"if","locations":[{"start":{"line":77,"column":8},"end":{"line":77,"column":8}},{"start":{"line":77,"column":8},"end":{"line":77,"column":8}}]}}}}