{"contracts/TaskContract.sol":{"l":{"19":8,"20":8,"21":7,"25":6,"26":6,"30":5,"34":4,"41":4,"45":3,"46":3,"50":3,"54":2,"58":2,"59":2,"60":2,"70":4,"80":0,"84":17},"path":"/root/website/blockchain-projects/erc1155-task-contract/contracts/TaskContract.sol","s":{"1":8,"2":8,"3":7,"4":6,"5":6,"6":5,"7":4,"8":4,"9":3,"10":3,"11":3,"12":2,"13":2,"14":2,"15":2,"16":4,"17":0,"18":17},"b":{"1":[7,1],"2":[5,1],"3":[4,1],"4":[3,0],"5":[2,1],"6":[2,0],"7":[17,0]},"f":{"1":3,"2":8,"3":6,"4":3,"5":4,"6":0,"7":17},"fnMap":{"1":{"name":"constructor","line":16,"loc":{"start":{"line":16,"column":4},"end":{"line":16,"column":31}}},"2":{"name":"mintTokenF","line":18,"loc":{"start":{"line":18,"column":4},"end":{"line":22,"column":4}}},"3":{"name":"mintTokenN","line":24,"loc":{"start":{"line":24,"column":4},"end":{"line":42,"column":4}}},"4":{"name":"mintTokenT","line":44,"loc":{"start":{"line":44,"column":4},"end":{"line":61,"column":4}}},"5":{"name":"onERC1155Received","line":63,"loc":{"start":{"line":63,"column":4},"end":{"line":71,"column":4}}},"6":{"name":"onERC1155BatchReceived","line":73,"loc":{"start":{"line":73,"column":4},"end":{"line":81,"column":4}}},"7":{"name":"restrictExternalCaller","line":83,"loc":{"start":{"line":83,"column":4},"end":{"line":85,"column":4}}}},"statementMap":{"1":{"start":{"line":19,"column":8},"end":{"line":19,"column":31}},"2":{"start":{"line":20,"column":8},"end":{"line":20,"column":77}},"3":{"start":{"line":21,"column":8},"end":{"line":21,"column":44}},"4":{"start":{"line":25,"column":8},"end":{"line":25,"column":31}},"5":{"start":{"line":26,"column":8},"end":{"line":26,"column":837}},"6":{"start":{"line":30,"column":8},"end":{"line":30,"column":977}},"7":{"start":{"line":34,"column":8},"end":{"line":34,"column":1102}},"8":{"start":{"line":41,"column":8},"end":{"line":41,"column":48}},"9":{"start":{"line":45,"column":8},"end":{"line":45,"column":31}},"10":{"start":{"line":46,"column":8},"end":{"line":46,"column":1413}},"11":{"start":{"line":50,"column":8},"end":{"line":50,"column":1553}},"12":{"start":{"line":54,"column":8},"end":{"line":54,"column":1676}},"13":{"start":{"line":58,"column":8},"end":{"line":58,"column":61}},"14":{"start":{"line":59,"column":8},"end":{"line":59,"column":44}},"15":{"start":{"line":60,"column":8},"end":{"line":60,"column":48}},"16":{"start":{"line":70,"column":8},"end":{"line":70,"column":46}},"17":{"start":{"line":80,"column":8},"end":{"line":80,"column":51}},"18":{"start":{"line":84,"column":8},"end":{"line":84,"column":72}}},"branchMap":{"1":{"line":20,"type":"if","locations":[{"start":{"line":20,"column":8},"end":{"line":20,"column":8}},{"start":{"line":20,"column":8},"end":{"line":20,"column":8}}]},"2":{"line":26,"type":"if","locations":[{"start":{"line":26,"column":8},"end":{"line":26,"column":8}},{"start":{"line":26,"column":8},"end":{"line":26,"column":8}}]},"3":{"line":30,"type":"if","locations":[{"start":{"line":30,"column":8},"end":{"line":30,"column":8}},{"start":{"line":30,"column":8},"end":{"line":30,"column":8}}]},"4":{"line":46,"type":"if","locations":[{"start":{"line":46,"column":8},"end":{"line":46,"column":8}},{"start":{"line":46,"column":8},"end":{"line":46,"column":8}}]},"5":{"line":50,"type":"if","locations":[{"start":{"line":50,"column":8},"end":{"line":50,"column":8}},{"start":{"line":50,"column":8},"end":{"line":50,"column":8}}]},"6":{"line":54,"type":"if","locations":[{"start":{"line":54,"column":8},"end":{"line":54,"column":8}},{"start":{"line":54,"column":8},"end":{"line":54,"column":8}}]},"7":{"line":84,"type":"if","locations":[{"start":{"line":84,"column":8},"end":{"line":84,"column":8}},{"start":{"line":84,"column":8},"end":{"line":84,"column":8}}]}}}}